<?xml version="1.0" encoding="UTF-8"?>
<!-- Generated by org.testng.reporters.JUnitReportReporter -->
<testsuite hostname="Savindu" failures="0" tests="12" name="TestTitle" time="18.385" errors="0" timestamp="2023-07-24T16:31:19 IST" skipped="0">
  <testcase classname="TestTitle" name="f1" time="0.121"/>
  <testcase classname="TestTitle" name="f2" time="2.634"/>
  <testcase classname="TestTitle" name="f3" time="0.953"/>
  <testcase classname="TestTitle" name="f4" time="1.064"/>
  <testcase classname="TestTitle" name="f5" time="0.858"/>
  <testcase classname="TestTitle" name="f6" time="1.459"/>
  <testcase classname="TestTitle" name="f7" time="1.239"/>
  <testcase classname="TestTitle" name="f8" time="1.163"/>
  <testcase classname="TestTitle" name="f9" time="2.330"/>
  <testcase classname="TestTitle" name="testInvalidLogin" time="2.554"/>
  <testcase classname="TestTitle" name="testValidLogin" time="2.719"/>
  <testcase classname="TestTitle" name="testBuyticketfunction" time="1.291"/>
</testsuite> <!-- TestTitle -->
