<?xml version="1.0" encoding="UTF-8"?>
<!-- Generated by org.testng.reporters.JUnitReportReporter -->
<testsuite hostname="Savindu" failures="0" tests="11" name="TestTitle" time="18.449" errors="0" timestamp="2023-07-23T09:42:34 IST" skipped="0">
  <testcase classname="TestTitle" name="testInvalidLogin" time="2.520"/>
  <testcase classname="TestTitle" name="f1" time="0.090"/>
  <testcase classname="TestTitle" name="f9" time="2.999"/>
  <testcase classname="TestTitle" name="f3" time="1.176"/>
  <testcase classname="TestTitle" name="f4" time="1.105"/>
  <testcase classname="TestTitle" name="f5" time="0.906"/>
  <testcase classname="TestTitle" name="testValidLogin" time="2.810"/>
  <testcase classname="TestTitle" name="f2" time="2.962"/>
  <testcase classname="TestTitle" name="f8" time="1.220"/>
  <testcase classname="TestTitle" name="f6" time="1.445"/>
  <testcase classname="TestTitle" name="f7" time="1.216"/>
</testsuite> <!-- TestTitle -->
