<?xml version="1.0" encoding="UTF-8"?>
<!-- Generated by org.testng.reporters.JUnitReportReporter -->
<testsuite hostname="Savindu" failures="0" tests="11" name="TestTitle" time="16.172" errors="0" timestamp="2023-07-23T02:37:53 IST" skipped="0">
  <testcase classname="TestTitle" name="f3" time="1.033"/>
  <testcase classname="TestTitle" name="f4" time="1.080"/>
  <testcase classname="TestTitle" name="f8" time="1.239"/>
  <testcase classname="TestTitle" name="testValidLogin" time="2.796"/>
  <testcase classname="TestTitle" name="f1" time="0.095"/>
  <testcase classname="TestTitle" name="testInvalidLogin" time="2.420"/>
  <testcase classname="TestTitle" name="f7" time="1.168"/>
  <testcase classname="TestTitle" name="f5" time="0.858"/>
  <testcase classname="TestTitle" name="f6" time="1.446"/>
  <testcase classname="TestTitle" name="f9" time="2.527"/>
  <testcase classname="TestTitle" name="f2" time="1.510"/>
</testsuite> <!-- TestTitle -->
