<?xml version="1.0" encoding="UTF-8"?>
<!-- Generated by org.testng.reporters.JUnitReportReporter -->
<testsuite hostname="Savindu" failures="0" tests="2" name="NewTest_1" time="3.707" errors="0" timestamp="2023-07-21T15:29:14 IST" skipped="0">
  <testcase classname="NewTest_1" name="f1" time="0.108"/>
  <testcase classname="NewTest_1" name="f2" time="3.599"/>
</testsuite> <!-- NewTest_1 -->
